This file contains any messages produced by compilers while
running configure, to aid debugging if configure makes a mistake.

It was created by remaproute configure 0.1, which was
generated by GNU Autoconf 2.71.  Invocation command line was

  $ ./configure --no-create --no-recursion

## --------- ##
## Platform. ##
## --------- ##

hostname = rubick
uname -m = x86_64
uname -r = 6.1.0-13-amd64
uname -s = Linux
uname -v = #1 SMP PREEMPT_DYNAMIC Debian 6.1.55-1 (2023-09-29)

/usr/bin/uname -p = unknown
/bin/uname -X     = unknown

/bin/arch              = x86_64
/usr/bin/arch -k       = unknown
/usr/convex/getsysinfo = unknown
/usr/bin/hostinfo      = unknown
/bin/machine           = unknown
/usr/bin/oslevel       = unknown
/bin/universe          = unknown

PATH: /home/giancarlo/.vscode-server/cli/servers/Stable-e170252f762678dec6ca2cc69aba1570769a5d39/server/bin/remote-cli/
PATH: /home/giancarlo/.local/bin/
PATH: /usr/local/bin/
PATH: /usr/bin/
PATH: /bin/
PATH: /usr/local/games/
PATH: /usr/games/


## ----------- ##
## Core tests. ##
## ----------- ##

configure:2452: looking for aux files: config.guess config.sub compile missing install-sh
configure:2465:  trying ./
configure:2494:   ./config.guess found
configure:2494:   ./config.sub found
configure:2494:   ./compile found
configure:2494:   ./missing found
configure:2476:   ./install-sh found
configure:2623: checking for a BSD-compatible install
configure:2696: result: /usr/bin/install -c
configure:2707: checking whether build environment is sane
configure:2762: result: yes
configure:2921: checking for a race-free mkdir -p
configure:2965: result: /usr/bin/mkdir -p
configure:2972: checking for gawk
configure:3007: result: no
configure:2972: checking for mawk
configure:2993: found /usr/bin/mawk
configure:3004: result: mawk
configure:3015: checking whether make sets $(MAKE)
configure:3038: result: yes
configure:3068: checking whether make supports nested variables
configure:3086: result: yes
configure:3236: checking whether make supports the include directive
configure:3251: make -f confmf.GNU && cat confinc.out
make[3]: Entering directory '/home/giancarlo/remaprt'
make[3]: Leaving directory '/home/giancarlo/remaprt'
this is the am__doit target
configure:3254: $? = 0
configure:3273: result: yes (GNU style)
configure:3349: checking for gcc
configure:3370: found /usr/bin/gcc
configure:3381: result: gcc
configure:3734: checking for C compiler version
configure:3743: gcc --version >&5
gcc (Debian 12.2.0-14) 12.2.0
Copyright (C) 2022 Free Software Foundation, Inc.
This is free software; see the source for copying conditions.  There is NO
warranty; not even for MERCHANTABILITY or FITNESS FOR A PARTICULAR PURPOSE.

configure:3754: $? = 0
configure:3743: gcc -v >&5
Using built-in specs.
COLLECT_GCC=gcc
COLLECT_LTO_WRAPPER=/usr/lib/gcc/x86_64-linux-gnu/12/lto-wrapper
OFFLOAD_TARGET_NAMES=nvptx-none:amdgcn-amdhsa
OFFLOAD_TARGET_DEFAULT=1
Target: x86_64-linux-gnu
Configured with: ../src/configure -v --with-pkgversion='Debian 12.2.0-14' --with-bugurl=file:///usr/share/doc/gcc-12/README.Bugs --enable-languages=c,ada,c++,go,d,fortran,objc,obj-c++,m2 --prefix=/usr --with-gcc-major-version-only --program-suffix=-12 --program-prefix=x86_64-linux-gnu- --enable-shared --enable-linker-build-id --libexecdir=/usr/lib --without-included-gettext --enable-threads=posix --libdir=/usr/lib --enable-nls --enable-clocale=gnu --enable-libstdcxx-debug --enable-libstdcxx-time=yes --with-default-libstdcxx-abi=new --enable-gnu-unique-object --disable-vtable-verify --enable-plugin --enable-default-pie --with-system-zlib --enable-libphobos-checking=release --with-target-system-zlib=auto --enable-objc-gc=auto --enable-multiarch --disable-werror --enable-cet --with-arch-32=i686 --with-abi=m64 --with-multilib-list=m32,m64,mx32 --enable-multilib --with-tune=generic --enable-offload-targets=nvptx-none=/build/gcc-12-bTRWOB/gcc-12-12.2.0/debian/tmp-nvptx/usr,amdgcn-amdhsa=/build/gcc-12-bTRWOB/gcc-12-12.2.0/debian/tmp-gcn/usr --enable-offload-defaulted --without-cuda-driver --enable-checking=release --build=x86_64-linux-gnu --host=x86_64-linux-gnu --target=x86_64-linux-gnu
Thread model: posix
Supported LTO compression algorithms: zlib zstd
gcc version 12.2.0 (Debian 12.2.0-14) 
... rest of stderr output deleted ...
configure:3754: $? = 0
configure:3743: gcc -V >&5
gcc: error: unrecognized command-line option '-V'
gcc: fatal error: no input files
compilation terminated.
configure:3754: $? = 1
configure:3743: gcc -qversion >&5
gcc: error: unrecognized command-line option '-qversion'; did you mean '--version'?
gcc: fatal error: no input files
compilation terminated.
configure:3754: $? = 1
configure:3743: gcc -version >&5
gcc: error: unrecognized command-line option '-version'
gcc: fatal error: no input files
compilation terminated.
configure:3754: $? = 1
configure:3774: checking whether the C compiler works
configure:3796: gcc    conftest.c  >&5
configure:3800: $? = 0
configure:3850: result: yes
configure:3853: checking for C compiler default output file name
configure:3855: result: a.out
configure:3861: checking for suffix of executables
configure:3868: gcc -o conftest    conftest.c  >&5
configure:3872: $? = 0
configure:3895: result: 
configure:3917: checking whether we are cross compiling
configure:3925: gcc -o conftest    conftest.c  >&5
configure:3929: $? = 0
configure:3936: ./conftest
configure:3940: $? = 0
configure:3955: result: no
configure:3960: checking for suffix of object files
configure:3983: gcc -c   conftest.c >&5
configure:3987: $? = 0
configure:4009: result: o
configure:4013: checking whether the compiler supports GNU C
configure:4033: gcc -c   conftest.c >&5
configure:4033: $? = 0
configure:4043: result: yes
configure:4054: checking whether gcc accepts -g
configure:4075: gcc -c -g  conftest.c >&5
configure:4075: $? = 0
configure:4119: result: yes
configure:4139: checking for gcc option to enable C11 features
configure:4154: gcc  -c -g -O2  conftest.c >&5
configure:4154: $? = 0
configure:4172: result: none needed
configure:4288: checking whether gcc understands -c and -o together
configure:4311: gcc -c conftest.c -o conftest2.o
configure:4314: $? = 0
configure:4311: gcc -c conftest.c -o conftest2.o
configure:4314: $? = 0
configure:4326: result: yes
configure:4345: checking dependency style of gcc
configure:4457: result: gcc3
configure:4477: checking for stdio.h
configure:4477: gcc -c -g -O2  conftest.c >&5
configure:4477: $? = 0
configure:4477: result: yes
configure:4477: checking for stdlib.h
configure:4477: gcc -c -g -O2  conftest.c >&5
configure:4477: $? = 0
configure:4477: result: yes
configure:4477: checking for string.h
configure:4477: gcc -c -g -O2  conftest.c >&5
configure:4477: $? = 0
configure:4477: result: yes
configure:4477: checking for inttypes.h
configure:4477: gcc -c -g -O2  conftest.c >&5
configure:4477: $? = 0
configure:4477: result: yes
configure:4477: checking for stdint.h
configure:4477: gcc -c -g -O2  conftest.c >&5
configure:4477: $? = 0
configure:4477: result: yes
configure:4477: checking for strings.h
configure:4477: gcc -c -g -O2  conftest.c >&5
configure:4477: $? = 0
configure:4477: result: yes
configure:4477: checking for sys/stat.h
configure:4477: gcc -c -g -O2  conftest.c >&5
configure:4477: $? = 0
configure:4477: result: yes
configure:4477: checking for sys/types.h
configure:4477: gcc -c -g -O2  conftest.c >&5
configure:4477: $? = 0
configure:4477: result: yes
configure:4477: checking for unistd.h
configure:4477: gcc -c -g -O2  conftest.c >&5
configure:4477: $? = 0
configure:4477: result: yes
configure:4477: checking for wchar.h
configure:4477: gcc -c -g -O2  conftest.c >&5
configure:4477: $? = 0
configure:4477: result: yes
configure:4477: checking for minix/config.h
configure:4477: gcc -c -g -O2  conftest.c >&5
conftest.c:49:10: fatal error: minix/config.h: No such file or directory
   49 | #include <minix/config.h>
      |          ^~~~~~~~~~~~~~~~
compilation terminated.
configure:4477: $? = 1
configure: failed program was:
| /* confdefs.h */
| #define PACKAGE_NAME "remaproute"
| #define PACKAGE_TARNAME "remaproute"
| #define PACKAGE_VERSION "0.1"
| #define PACKAGE_STRING "remaproute 0.1"
| #define PACKAGE_BUGREPORT "cunha@dcc.ufmg.br"
| #define PACKAGE_URL ""
| #define PACKAGE "remaproute"
| #define VERSION "0.1"
| #define HAVE_STDIO_H 1
| #define HAVE_STDLIB_H 1
| #define HAVE_STRING_H 1
| #define HAVE_INTTYPES_H 1
| #define HAVE_STDINT_H 1
| #define HAVE_STRINGS_H 1
| #define HAVE_SYS_STAT_H 1
| #define HAVE_SYS_TYPES_H 1
| #define HAVE_UNISTD_H 1
| #define HAVE_WCHAR_H 1
| /* end confdefs.h.  */
| #include <stddef.h>
| #ifdef HAVE_STDIO_H
| # include <stdio.h>
| #endif
| #ifdef HAVE_STDLIB_H
| # include <stdlib.h>
| #endif
| #ifdef HAVE_STRING_H
| # include <string.h>
| #endif
| #ifdef HAVE_INTTYPES_H
| # include <inttypes.h>
| #endif
| #ifdef HAVE_STDINT_H
| # include <stdint.h>
| #endif
| #ifdef HAVE_STRINGS_H
| # include <strings.h>
| #endif
| #ifdef HAVE_SYS_TYPES_H
| # include <sys/types.h>
| #endif
| #ifdef HAVE_SYS_STAT_H
| # include <sys/stat.h>
| #endif
| #ifdef HAVE_UNISTD_H
| # include <unistd.h>
| #endif
| #include <minix/config.h>
configure:4477: result: no
configure:4508: checking whether it is safe to define __EXTENSIONS__
configure:4527: gcc -c -g -O2  conftest.c >&5
configure:4527: $? = 0
configure:4535: result: yes
configure:4538: checking whether _XOPEN_SOURCE should be defined
configure:4560: gcc -c -g -O2  conftest.c >&5
configure:4560: $? = 0
configure:4587: result: no
configure:4697: checking for gcc
configure:4729: result: gcc
configure:5082: checking for C compiler version
configure:5091: gcc --version >&5
gcc (Debian 12.2.0-14) 12.2.0
Copyright (C) 2022 Free Software Foundation, Inc.
This is free software; see the source for copying conditions.  There is NO
warranty; not even for MERCHANTABILITY or FITNESS FOR A PARTICULAR PURPOSE.

configure:5102: $? = 0
configure:5091: gcc -v >&5
Using built-in specs.
COLLECT_GCC=gcc
COLLECT_LTO_WRAPPER=/usr/lib/gcc/x86_64-linux-gnu/12/lto-wrapper
OFFLOAD_TARGET_NAMES=nvptx-none:amdgcn-amdhsa
OFFLOAD_TARGET_DEFAULT=1
Target: x86_64-linux-gnu
Configured with: ../src/configure -v --with-pkgversion='Debian 12.2.0-14' --with-bugurl=file:///usr/share/doc/gcc-12/README.Bugs --enable-languages=c,ada,c++,go,d,fortran,objc,obj-c++,m2 --prefix=/usr --with-gcc-major-version-only --program-suffix=-12 --program-prefix=x86_64-linux-gnu- --enable-shared --enable-linker-build-id --libexecdir=/usr/lib --without-included-gettext --enable-threads=posix --libdir=/usr/lib --enable-nls --enable-clocale=gnu --enable-libstdcxx-debug --enable-libstdcxx-time=yes --with-default-libstdcxx-abi=new --enable-gnu-unique-object --disable-vtable-verify --enable-plugin --enable-default-pie --with-system-zlib --enable-libphobos-checking=release --with-target-system-zlib=auto --enable-objc-gc=auto --enable-multiarch --disable-werror --enable-cet --with-arch-32=i686 --with-abi=m64 --with-multilib-list=m32,m64,mx32 --enable-multilib --with-tune=generic --enable-offload-targets=nvptx-none=/build/gcc-12-bTRWOB/gcc-12-12.2.0/debian/tmp-nvptx/usr,amdgcn-amdhsa=/build/gcc-12-bTRWOB/gcc-12-12.2.0/debian/tmp-gcn/usr --enable-offload-defaulted --without-cuda-driver --enable-checking=release --build=x86_64-linux-gnu --host=x86_64-linux-gnu --target=x86_64-linux-gnu
Thread model: posix
Supported LTO compression algorithms: zlib zstd
gcc version 12.2.0 (Debian 12.2.0-14) 
... rest of stderr output deleted ...
configure:5102: $? = 0
configure:5091: gcc -V >&5
gcc: error: unrecognized command-line option '-V'
gcc: fatal error: no input files
compilation terminated.
configure:5102: $? = 1
configure:5091: gcc -qversion >&5
gcc: error: unrecognized command-line option '-qversion'; did you mean '--version'?
gcc: fatal error: no input files
compilation terminated.
configure:5102: $? = 1
configure:5091: gcc -version >&5
gcc: error: unrecognized command-line option '-version'
gcc: fatal error: no input files
compilation terminated.
configure:5102: $? = 1
configure:5106: checking whether the compiler supports GNU C
configure:5136: result: yes
configure:5147: checking whether gcc accepts -g
configure:5212: result: yes
configure:5232: checking for gcc option to enable C11 features
configure:5265: result: none needed
configure:5381: checking whether gcc understands -c and -o together
configure:5419: result: yes
configure:5438: checking dependency style of gcc
configure:5550: result: gcc3
configure:5618: checking for gcc
configure:5650: result: gcc
configure:6003: checking for C compiler version
configure:6012: gcc --version >&5
gcc (Debian 12.2.0-14) 12.2.0
Copyright (C) 2022 Free Software Foundation, Inc.
This is free software; see the source for copying conditions.  There is NO
warranty; not even for MERCHANTABILITY or FITNESS FOR A PARTICULAR PURPOSE.

configure:6023: $? = 0
configure:6012: gcc -v >&5
Using built-in specs.
COLLECT_GCC=gcc
COLLECT_LTO_WRAPPER=/usr/lib/gcc/x86_64-linux-gnu/12/lto-wrapper
OFFLOAD_TARGET_NAMES=nvptx-none:amdgcn-amdhsa
OFFLOAD_TARGET_DEFAULT=1
Target: x86_64-linux-gnu
Configured with: ../src/configure -v --with-pkgversion='Debian 12.2.0-14' --with-bugurl=file:///usr/share/doc/gcc-12/README.Bugs --enable-languages=c,ada,c++,go,d,fortran,objc,obj-c++,m2 --prefix=/usr --with-gcc-major-version-only --program-suffix=-12 --program-prefix=x86_64-linux-gnu- --enable-shared --enable-linker-build-id --libexecdir=/usr/lib --without-included-gettext --enable-threads=posix --libdir=/usr/lib --enable-nls --enable-clocale=gnu --enable-libstdcxx-debug --enable-libstdcxx-time=yes --with-default-libstdcxx-abi=new --enable-gnu-unique-object --disable-vtable-verify --enable-plugin --enable-default-pie --with-system-zlib --enable-libphobos-checking=release --with-target-system-zlib=auto --enable-objc-gc=auto --enable-multiarch --disable-werror --enable-cet --with-arch-32=i686 --with-abi=m64 --with-multilib-list=m32,m64,mx32 --enable-multilib --with-tune=generic --enable-offload-targets=nvptx-none=/build/gcc-12-bTRWOB/gcc-12-12.2.0/debian/tmp-nvptx/usr,amdgcn-amdhsa=/build/gcc-12-bTRWOB/gcc-12-12.2.0/debian/tmp-gcn/usr --enable-offload-defaulted --without-cuda-driver --enable-checking=release --build=x86_64-linux-gnu --host=x86_64-linux-gnu --target=x86_64-linux-gnu
Thread model: posix
Supported LTO compression algorithms: zlib zstd
gcc version 12.2.0 (Debian 12.2.0-14) 
... rest of stderr output deleted ...
configure:6023: $? = 0
configure:6012: gcc -V >&5
gcc: error: unrecognized command-line option '-V'
gcc: fatal error: no input files
compilation terminated.
configure:6023: $? = 1
configure:6012: gcc -qversion >&5
gcc: error: unrecognized command-line option '-qversion'; did you mean '--version'?
gcc: fatal error: no input files
compilation terminated.
configure:6023: $? = 1
configure:6012: gcc -version >&5
gcc: error: unrecognized command-line option '-version'
gcc: fatal error: no input files
compilation terminated.
configure:6023: $? = 1
configure:6027: checking whether the compiler supports GNU C
configure:6057: result: yes
configure:6068: checking whether gcc accepts -g
configure:6133: result: yes
configure:6153: checking for gcc option to enable C11 features
configure:6186: result: none needed
configure:6302: checking whether gcc understands -c and -o together
configure:6340: result: yes
configure:6359: checking dependency style of gcc
configure:6471: result: gcc3
configure:6487: checking whether ln -s works
configure:6491: result: yes
configure:6499: checking for pthread_create in -lpthread
configure:6522: gcc -o conftest -g -O2   conftest.c -lpthread   >&5
configure:6522: $? = 0
configure:6532: result: yes
configure:6544: checking for pthread_mutex_init in -lpthread
configure:6567: gcc -o conftest -g -O2   conftest.c -lpthread  -lpthread  >&5
configure:6567: $? = 0
configure:6577: result: yes
configure:6589: checking for pcap_loop in -lpcap
configure:6612: gcc -o conftest -g -O2   conftest.c -lpcap  -lpthread -lpthread  >&5
configure:6612: $? = 0
configure:6622: result: yes
configure:6634: checking for clock_gettime in -lrt
configure:6657: gcc -o conftest -g -O2   conftest.c -lrt  -lpcap -lpthread -lpthread  >&5
configure:6657: $? = 0
configure:6667: result: yes
configure:6679: checking for libnet_init in -lnet
configure:6702: gcc -o conftest -g -O2   conftest.c -lnet  -lrt -lpcap -lpthread -lpthread  >&5
configure:6702: $? = 0
configure:6712: result: yes
configure:6724: checking for exp in -lm
configure:6747: gcc -o conftest -g -O2   conftest.c -lm  -lnet -lrt -lpcap -lpthread -lpthread  >&5
conftest.c:47:6: warning: conflicting types for built-in function 'exp'; expected 'double(double)' [-Wbuiltin-declaration-mismatch]
   47 | char exp ();
      |      ^~~
conftest.c:1:1: note: 'exp' is declared in header '<math.h>'
    1 | /* confdefs.h */
configure:6747: $? = 0
configure:6757: result: yes
configure:6773: checking for stdlib.h
configure:6773: result: yes
configure:6773: checking for stddef.h
configure:6773: gcc -c -g -O2  conftest.c >&5
configure:6773: $? = 0
configure:6773: result: yes
configure:6773: checking for stdio.h
configure:6773: result: yes
configure:6773: checking for string.h
configure:6773: result: yes
configure:6773: checking for unistd.h
configure:6773: result: yes
configure:6788: checking for math.h
configure:6788: gcc -c -g -O2  conftest.c >&5
configure:6788: $? = 0
configure:6788: result: yes
configure:6788: checking for time.h
configure:6788: gcc -c -g -O2  conftest.c >&5
configure:6788: $? = 0
configure:6788: result: yes
configure:6788: checking for pthread.h
configure:6788: gcc -c -g -O2  conftest.c >&5
configure:6788: $? = 0
configure:6788: result: yes
configure:6788: checking for limits.h
configure:6788: gcc -c -g -O2  conftest.c >&5
configure:6788: $? = 0
configure:6788: result: yes
configure:6788: checking for fcntl.h
configure:6788: gcc -c -g -O2  conftest.c >&5
configure:6788: $? = 0
configure:6788: result: yes
configure:6803: checking for assert.h
configure:6803: gcc -c -g -O2  conftest.c >&5
configure:6803: $? = 0
configure:6803: result: yes
configure:6803: checking for inttypes.h
configure:6803: result: yes
configure:6817: checking for arpa/inet.h
configure:6817: gcc -c -g -O2  conftest.c >&5
configure:6817: $? = 0
configure:6817: result: yes
configure:6829: checking for sys/resource.h
configure:6829: gcc -c -g -O2  conftest.c >&5
configure:6829: $? = 0
configure:6829: result: yes
configure:6841: checking for libnet.h
configure:6841: gcc -c -g -O2  conftest.c >&5
configure:6841: $? = 0
configure:6841: result: yes
configure:6856: checking for strchr
configure:6856: gcc -o conftest -g -O2   conftest.c -lm -lnet -lrt -lpcap -lpthread -lpthread  >&5
conftest.c:75:6: warning: conflicting types for built-in function 'strchr'; expected 'char *(const char *, int)' [-Wbuiltin-declaration-mismatch]
   75 | char strchr ();
      |      ^~~~~~
conftest.c:67:1: note: 'strchr' is declared in header '<string.h>'
   66 | #include <limits.h>
   67 | #undef strchr
configure:6856: $? = 0
configure:6856: result: yes
configure:6856: checking for strdup
configure:6856: gcc -o conftest -g -O2   conftest.c -lm -lnet -lrt -lpcap -lpthread -lpthread  >&5
conftest.c:76:6: warning: conflicting types for built-in function 'strdup'; expected 'char *(const char *)' [-Wbuiltin-declaration-mismatch]
   76 | char strdup ();
      |      ^~~~~~
configure:6856: $? = 0
configure:6856: result: yes
configure:6856: checking for strerror
configure:6856: gcc -o conftest -g -O2   conftest.c -lm -lnet -lrt -lpcap -lpthread -lpthread  >&5
configure:6856: $? = 0
configure:6856: result: yes
configure:6856: checking for snprintf
configure:6856: gcc -o conftest -g -O2   conftest.c -lm -lnet -lrt -lpcap -lpthread -lpthread  >&5
conftest.c:78:6: warning: conflicting types for built-in function 'snprintf'; expected 'int(char *, long unsigned int,  const char *, ...)' [-Wbuiltin-declaration-mismatch]
   78 | char snprintf ();
      |      ^~~~~~~~
conftest.c:70:1: note: 'snprintf' is declared in header '<stdio.h>'
   69 | #include <limits.h>
   70 | #undef snprintf
configure:6856: $? = 0
configure:6856: result: yes
configure:6872: checking for clock_gettime
configure:6872: gcc -o conftest -g -O2   conftest.c -lm -lnet -lrt -lpcap -lpthread -lpthread  >&5
configure:6872: $? = 0
configure:6872: result: yes
configure:6872: checking for gmtime_r
configure:6872: gcc -o conftest -g -O2   conftest.c -lm -lnet -lrt -lpcap -lpthread -lpthread  >&5
configure:6872: $? = 0
configure:6872: result: yes
configure:6888: checking for inet_pton
configure:6888: gcc -o conftest -g -O2   conftest.c -lm -lnet -lrt -lpcap -lpthread -lpthread  >&5
configure:6888: $? = 0
configure:6888: result: yes
configure:6888: checking for inet_ntop
configure:6888: gcc -o conftest -g -O2   conftest.c -lm -lnet -lrt -lpcap -lpthread -lpthread  >&5
configure:6888: $? = 0
configure:6888: result: yes
configure:6903: checking for memset
configure:6903: gcc -o conftest -g -O2   conftest.c -lm -lnet -lrt -lpcap -lpthread -lpthread  >&5
conftest.c:83:6: warning: conflicting types for built-in function 'memset'; expected 'void *(void *, int,  long unsigned int)' [-Wbuiltin-declaration-mismatch]
   83 | char memset ();
      |      ^~~~~~
conftest.c:75:1: note: 'memset' is declared in header '<string.h>'
   74 | #include <limits.h>
   75 | #undef memset
configure:6903: $? = 0
configure:6903: result: yes
configure:6920: checking build system type
configure:6935: result: x86_64-pc-linux-gnu
configure:6955: checking host system type
configure:6969: result: x86_64-pc-linux-gnu
configure:6989: checking for GNU libc compatible malloc
configure:7021: gcc -o conftest -g -O2   conftest.c -lm -lnet -lrt -lpcap -lpthread -lpthread  >&5
configure:7021: $? = 0
configure:7021: ./conftest
configure:7021: $? = 0
configure:7032: result: yes
configure:7055: checking for uint8_t
configure:7055: gcc -c -g -O2  conftest.c >&5
configure:7055: $? = 0
configure:7055: result: yes
configure:7067: checking for uint16_t
configure:7067: gcc -c -g -O2  conftest.c >&5
configure:7067: $? = 0
configure:7067: result: yes
configure:7077: checking for uint32_t
configure:7077: gcc -c -g -O2  conftest.c >&5
configure:7077: $? = 0
configure:7077: result: yes
configure:7089: checking for uint64_t
configure:7089: gcc -c -g -O2  conftest.c >&5
configure:7089: $? = 0
configure:7089: result: yes
configure:7101: checking for size_t
configure:7101: gcc -c -g -O2  conftest.c >&5
configure:7101: $? = 0
configure:7101: gcc -c -g -O2  conftest.c >&5
conftest.c: In function 'main':
conftest.c:100:21: error: expected expression before ')' token
  100 | if (sizeof ((size_t)))
      |                     ^
configure:7101: $? = 1
configure: failed program was:
| /* confdefs.h */
| #define PACKAGE_NAME "remaproute"
| #define PACKAGE_TARNAME "remaproute"
| #define PACKAGE_VERSION "0.1"
| #define PACKAGE_STRING "remaproute 0.1"
| #define PACKAGE_BUGREPORT "cunha@dcc.ufmg.br"
| #define PACKAGE_URL ""
| #define PACKAGE "remaproute"
| #define VERSION "0.1"
| #define HAVE_STDIO_H 1
| #define HAVE_STDLIB_H 1
| #define HAVE_STRING_H 1
| #define HAVE_INTTYPES_H 1
| #define HAVE_STDINT_H 1
| #define HAVE_STRINGS_H 1
| #define HAVE_SYS_STAT_H 1
| #define HAVE_SYS_TYPES_H 1
| #define HAVE_UNISTD_H 1
| #define HAVE_WCHAR_H 1
| #define STDC_HEADERS 1
| #define _ALL_SOURCE 1
| #define _DARWIN_C_SOURCE 1
| #define _GNU_SOURCE 1
| #define _HPUX_ALT_XOPEN_SOCKET_API 1
| #define _NETBSD_SOURCE 1
| #define _OPENBSD_SOURCE 1
| #define _POSIX_PTHREAD_SEMANTICS 1
| #define __STDC_WANT_IEC_60559_ATTRIBS_EXT__ 1
| #define __STDC_WANT_IEC_60559_BFP_EXT__ 1
| #define __STDC_WANT_IEC_60559_DFP_EXT__ 1
| #define __STDC_WANT_IEC_60559_FUNCS_EXT__ 1
| #define __STDC_WANT_IEC_60559_TYPES_EXT__ 1
| #define __STDC_WANT_LIB_EXT2__ 1
| #define __STDC_WANT_MATH_SPEC_FUNCS__ 1
| #define _TANDEM_SOURCE 1
| #define __EXTENSIONS__ 1
| #define HAVE_LIBPTHREAD 1
| #define HAVE_LIBPTHREAD 1
| #define HAVE_LIBPCAP 1
| #define HAVE_LIBRT 1
| #define HAVE_LIBNET 1
| #define HAVE_LIBM 1
| #define HAVE_STDLIB_H 1
| #define HAVE_STDDEF_H 1
| #define HAVE_STDIO_H 1
| #define HAVE_STRING_H 1
| #define HAVE_UNISTD_H 1
| #define HAVE_MATH_H 1
| #define HAVE_TIME_H 1
| #define HAVE_PTHREAD_H 1
| #define HAVE_LIMITS_H 1
| #define HAVE_FCNTL_H 1
| #define HAVE_ASSERT_H 1
| #define HAVE_INTTYPES_H 1
| #define HAVE_ARPA_INET_H 1
| #define HAVE_SYS_RESOURCE_H 1
| #define HAVE_LIBNET_H 1
| #define HAVE_STRCHR 1
| #define HAVE_STRDUP 1
| #define HAVE_STRERROR 1
| #define HAVE_SNPRINTF 1
| #define HAVE_CLOCK_GETTIME 1
| #define HAVE_GMTIME_R 1
| #define HAVE_INET_PTON 1
| #define HAVE_INET_NTOP 1
| #define HAVE_MEMSET 1
| #define HAVE_MALLOC 1
| /* end confdefs.h.  */
| #include <stddef.h>
| #ifdef HAVE_STDIO_H
| # include <stdio.h>
| #endif
| #ifdef HAVE_STDLIB_H
| # include <stdlib.h>
| #endif
| #ifdef HAVE_STRING_H
| # include <string.h>
| #endif
| #ifdef HAVE_INTTYPES_H
| # include <inttypes.h>
| #endif
| #ifdef HAVE_STDINT_H
| # include <stdint.h>
| #endif
| #ifdef HAVE_STRINGS_H
| # include <strings.h>
| #endif
| #ifdef HAVE_SYS_TYPES_H
| # include <sys/types.h>
| #endif
| #ifdef HAVE_SYS_STAT_H
| # include <sys/stat.h>
| #endif
| #ifdef HAVE_UNISTD_H
| # include <unistd.h>
| #endif
| int
| main (void)
| {
| if (sizeof ((size_t)))
| 	    return 0;
|   ;
|   return 0;
| }
configure:7101: result: yes
configure:7111: checking for off_t
configure:7111: gcc -c -g -O2  conftest.c >&5
configure:7111: $? = 0
configure:7111: gcc -c -g -O2  conftest.c >&5
conftest.c: In function 'main':
conftest.c:100:20: error: expected expression before ')' token
  100 | if (sizeof ((off_t)))
      |                    ^
configure:7111: $? = 1
configure: failed program was:
| /* confdefs.h */
| #define PACKAGE_NAME "remaproute"
| #define PACKAGE_TARNAME "remaproute"
| #define PACKAGE_VERSION "0.1"
| #define PACKAGE_STRING "remaproute 0.1"
| #define PACKAGE_BUGREPORT "cunha@dcc.ufmg.br"
| #define PACKAGE_URL ""
| #define PACKAGE "remaproute"
| #define VERSION "0.1"
| #define HAVE_STDIO_H 1
| #define HAVE_STDLIB_H 1
| #define HAVE_STRING_H 1
| #define HAVE_INTTYPES_H 1
| #define HAVE_STDINT_H 1
| #define HAVE_STRINGS_H 1
| #define HAVE_SYS_STAT_H 1
| #define HAVE_SYS_TYPES_H 1
| #define HAVE_UNISTD_H 1
| #define HAVE_WCHAR_H 1
| #define STDC_HEADERS 1
| #define _ALL_SOURCE 1
| #define _DARWIN_C_SOURCE 1
| #define _GNU_SOURCE 1
| #define _HPUX_ALT_XOPEN_SOCKET_API 1
| #define _NETBSD_SOURCE 1
| #define _OPENBSD_SOURCE 1
| #define _POSIX_PTHREAD_SEMANTICS 1
| #define __STDC_WANT_IEC_60559_ATTRIBS_EXT__ 1
| #define __STDC_WANT_IEC_60559_BFP_EXT__ 1
| #define __STDC_WANT_IEC_60559_DFP_EXT__ 1
| #define __STDC_WANT_IEC_60559_FUNCS_EXT__ 1
| #define __STDC_WANT_IEC_60559_TYPES_EXT__ 1
| #define __STDC_WANT_LIB_EXT2__ 1
| #define __STDC_WANT_MATH_SPEC_FUNCS__ 1
| #define _TANDEM_SOURCE 1
| #define __EXTENSIONS__ 1
| #define HAVE_LIBPTHREAD 1
| #define HAVE_LIBPTHREAD 1
| #define HAVE_LIBPCAP 1
| #define HAVE_LIBRT 1
| #define HAVE_LIBNET 1
| #define HAVE_LIBM 1
| #define HAVE_STDLIB_H 1
| #define HAVE_STDDEF_H 1
| #define HAVE_STDIO_H 1
| #define HAVE_STRING_H 1
| #define HAVE_UNISTD_H 1
| #define HAVE_MATH_H 1
| #define HAVE_TIME_H 1
| #define HAVE_PTHREAD_H 1
| #define HAVE_LIMITS_H 1
| #define HAVE_FCNTL_H 1
| #define HAVE_ASSERT_H 1
| #define HAVE_INTTYPES_H 1
| #define HAVE_ARPA_INET_H 1
| #define HAVE_SYS_RESOURCE_H 1
| #define HAVE_LIBNET_H 1
| #define HAVE_STRCHR 1
| #define HAVE_STRDUP 1
| #define HAVE_STRERROR 1
| #define HAVE_SNPRINTF 1
| #define HAVE_CLOCK_GETTIME 1
| #define HAVE_GMTIME_R 1
| #define HAVE_INET_PTON 1
| #define HAVE_INET_NTOP 1
| #define HAVE_MEMSET 1
| #define HAVE_MALLOC 1
| /* end confdefs.h.  */
| #include <stddef.h>
| #ifdef HAVE_STDIO_H
| # include <stdio.h>
| #endif
| #ifdef HAVE_STDLIB_H
| # include <stdlib.h>
| #endif
| #ifdef HAVE_STRING_H
| # include <string.h>
| #endif
| #ifdef HAVE_INTTYPES_H
| # include <inttypes.h>
| #endif
| #ifdef HAVE_STDINT_H
| # include <stdint.h>
| #endif
| #ifdef HAVE_STRINGS_H
| # include <strings.h>
| #endif
| #ifdef HAVE_SYS_TYPES_H
| # include <sys/types.h>
| #endif
| #ifdef HAVE_SYS_STAT_H
| # include <sys/stat.h>
| #endif
| #ifdef HAVE_UNISTD_H
| # include <unistd.h>
| #endif
| int
| main (void)
| {
| if (sizeof ((off_t)))
| 	    return 0;
|   ;
|   return 0;
| }
configure:7111: result: yes
configure:7228: checking that generated files are newer than configure
configure:7234: result: done
configure:7265: creating ./config.status

## ---------------- ##
## Cache variables. ##
## ---------------- ##

ac_cv_build=x86_64-pc-linux-gnu
ac_cv_c_compiler_gnu=yes
ac_cv_c_uint16_t=yes
ac_cv_c_uint32_t=yes
ac_cv_c_uint64_t=yes
ac_cv_c_uint8_t=yes
ac_cv_env_CC_set=
ac_cv_env_CC_value=
ac_cv_env_CFLAGS_set=
ac_cv_env_CFLAGS_value=
ac_cv_env_CPPFLAGS_set=
ac_cv_env_CPPFLAGS_value=
ac_cv_env_LDFLAGS_set=
ac_cv_env_LDFLAGS_value=
ac_cv_env_LIBS_set=
ac_cv_env_LIBS_value=
ac_cv_env_build_alias_set=
ac_cv_env_build_alias_value=
ac_cv_env_host_alias_set=
ac_cv_env_host_alias_value=
ac_cv_env_target_alias_set=
ac_cv_env_target_alias_value=
ac_cv_func_clock_gettime=yes
ac_cv_func_gmtime_r=yes
ac_cv_func_inet_ntop=yes
ac_cv_func_inet_pton=yes
ac_cv_func_malloc_0_nonnull=yes
ac_cv_func_memset=yes
ac_cv_func_snprintf=yes
ac_cv_func_strchr=yes
ac_cv_func_strdup=yes
ac_cv_func_strerror=yes
ac_cv_header_arpa_inet_h=yes
ac_cv_header_assert_h=yes
ac_cv_header_fcntl_h=yes
ac_cv_header_inttypes_h=yes
ac_cv_header_libnet_h=yes
ac_cv_header_limits_h=yes
ac_cv_header_math_h=yes
ac_cv_header_minix_config_h=no
ac_cv_header_pthread_h=yes
ac_cv_header_stddef_h=yes
ac_cv_header_stdint_h=yes
ac_cv_header_stdio_h=yes
ac_cv_header_stdlib_h=yes
ac_cv_header_string_h=yes
ac_cv_header_strings_h=yes
ac_cv_header_sys_resource_h=yes
ac_cv_header_sys_stat_h=yes
ac_cv_header_sys_types_h=yes
ac_cv_header_time_h=yes
ac_cv_header_unistd_h=yes
ac_cv_header_wchar_h=yes
ac_cv_host=x86_64-pc-linux-gnu
ac_cv_lib_m_exp=yes
ac_cv_lib_net_libnet_init=yes
ac_cv_lib_pcap_pcap_loop=yes
ac_cv_lib_pthread_pthread_create=yes
ac_cv_lib_pthread_pthread_mutex_init=yes
ac_cv_lib_rt_clock_gettime=yes
ac_cv_objext=o
ac_cv_path_install='/usr/bin/install -c'
ac_cv_path_mkdir=/usr/bin/mkdir
ac_cv_prog_AWK=mawk
ac_cv_prog_ac_ct_CC=gcc
ac_cv_prog_cc_c11=
ac_cv_prog_cc_g=yes
ac_cv_prog_cc_stdc=
ac_cv_prog_make_make_set=yes
ac_cv_safe_to_define___extensions__=yes
ac_cv_should_define__xopen_source=no
ac_cv_type_off_t=yes
ac_cv_type_size_t=yes
am_cv_CC_dependencies_compiler_type=gcc3
am_cv_make_support_nested_variables=yes
am_cv_prog_cc_c_o=yes

## ----------------- ##
## Output variables. ##
## ----------------- ##

ACLOCAL='${SHELL} '\''/home/giancarlo/remaprt/missing'\'' aclocal-1.16'
AMDEPBACKSLASH='\'
AMDEP_FALSE='#'
AMDEP_TRUE=''
AMTAR='$${TAR-tar}'
AM_BACKSLASH='\'
AM_DEFAULT_V='$(AM_DEFAULT_VERBOSITY)'
AM_DEFAULT_VERBOSITY='1'
AM_V='$(V)'
AUTOCONF='${SHELL} '\''/home/giancarlo/remaprt/missing'\'' autoconf'
AUTOHEADER='${SHELL} '\''/home/giancarlo/remaprt/missing'\'' autoheader'
AUTOMAKE='${SHELL} '\''/home/giancarlo/remaprt/missing'\'' automake-1.16'
AWK='mawk'
CC='gcc'
CCDEPMODE='depmode=gcc3'
CFLAGS='-g -O2'
CPPFLAGS=''
CSCOPE='cscope'
CTAGS='ctags'
CYGPATH_W='echo'
DEFS='-DHAVE_CONFIG_H'
DEPDIR='.deps'
ECHO_C=''
ECHO_N='-n'
ECHO_T=''
ETAGS='etags'
EXEEXT=''
INSTALL_DATA='${INSTALL} -m 644'
INSTALL_PROGRAM='${INSTALL}'
INSTALL_SCRIPT='${INSTALL}'
INSTALL_STRIP_PROGRAM='$(install_sh) -c -s'
LDFLAGS=''
LIBOBJS=''
LIBS='-lm -lnet -lrt -lpcap -lpthread -lpthread '
LN_S='ln -s'
LTLIBOBJS=''
MAKEINFO='${SHELL} '\''/home/giancarlo/remaprt/missing'\'' makeinfo'
MKDIR_P='/usr/bin/mkdir -p'
OBJEXT='o'
PACKAGE='remaproute'
PACKAGE_BUGREPORT='cunha@dcc.ufmg.br'
PACKAGE_NAME='remaproute'
PACKAGE_STRING='remaproute 0.1'
PACKAGE_TARNAME='remaproute'
PACKAGE_URL=''
PACKAGE_VERSION='0.1'
PATH_SEPARATOR=':'
SET_MAKE=''
SHELL='/bin/bash'
STRIP=''
VERSION='0.1'
ac_ct_CC='gcc'
am__EXEEXT_FALSE=''
am__EXEEXT_TRUE='#'
am__fastdepCC_FALSE='#'
am__fastdepCC_TRUE=''
am__include='include'
am__isrc=''
am__leading_dot='.'
am__nodep='_no'
am__quote=''
am__tar='$${TAR-tar} chof - "$$tardir"'
am__untar='$${TAR-tar} xf -'
bindir='${exec_prefix}/bin'
build='x86_64-pc-linux-gnu'
build_alias=''
build_cpu='x86_64'
build_os='linux-gnu'
build_vendor='pc'
datadir='${datarootdir}'
datarootdir='${prefix}/share'
docdir='${datarootdir}/doc/${PACKAGE_TARNAME}'
dvidir='${docdir}'
exec_prefix='${prefix}'
host='x86_64-pc-linux-gnu'
host_alias=''
host_cpu='x86_64'
host_os='linux-gnu'
host_vendor='pc'
htmldir='${docdir}'
includedir='${prefix}/include'
infodir='${datarootdir}/info'
install_sh='${SHELL} /home/giancarlo/remaprt/install-sh'
libdir='${exec_prefix}/lib'
libexecdir='${exec_prefix}/libexec'
localedir='${datarootdir}/locale'
localstatedir='${prefix}/var'
mandir='${datarootdir}/man'
mkdir_p='$(MKDIR_P)'
oldincludedir='/usr/include'
pdfdir='${docdir}'
prefix='/usr/local'
program_transform_name='s,x,x,'
psdir='${docdir}'
runstatedir='${localstatedir}/run'
sbindir='${exec_prefix}/sbin'
sharedstatedir='${prefix}/com'
sysconfdir='${prefix}/etc'
target_alias=''

## ----------- ##
## confdefs.h. ##
## ----------- ##

/* confdefs.h */
#define PACKAGE_NAME "remaproute"
#define PACKAGE_TARNAME "remaproute"
#define PACKAGE_VERSION "0.1"
#define PACKAGE_STRING "remaproute 0.1"
#define PACKAGE_BUGREPORT "cunha@dcc.ufmg.br"
#define PACKAGE_URL ""
#define PACKAGE "remaproute"
#define VERSION "0.1"
#define HAVE_STDIO_H 1
#define HAVE_STDLIB_H 1
#define HAVE_STRING_H 1
#define HAVE_INTTYPES_H 1
#define HAVE_STDINT_H 1
#define HAVE_STRINGS_H 1
#define HAVE_SYS_STAT_H 1
#define HAVE_SYS_TYPES_H 1
#define HAVE_UNISTD_H 1
#define HAVE_WCHAR_H 1
#define STDC_HEADERS 1
#define _ALL_SOURCE 1
#define _DARWIN_C_SOURCE 1
#define _GNU_SOURCE 1
#define _HPUX_ALT_XOPEN_SOCKET_API 1
#define _NETBSD_SOURCE 1
#define _OPENBSD_SOURCE 1
#define _POSIX_PTHREAD_SEMANTICS 1
#define __STDC_WANT_IEC_60559_ATTRIBS_EXT__ 1
#define __STDC_WANT_IEC_60559_BFP_EXT__ 1
#define __STDC_WANT_IEC_60559_DFP_EXT__ 1
#define __STDC_WANT_IEC_60559_FUNCS_EXT__ 1
#define __STDC_WANT_IEC_60559_TYPES_EXT__ 1
#define __STDC_WANT_LIB_EXT2__ 1
#define __STDC_WANT_MATH_SPEC_FUNCS__ 1
#define _TANDEM_SOURCE 1
#define __EXTENSIONS__ 1
#define HAVE_LIBPTHREAD 1
#define HAVE_LIBPTHREAD 1
#define HAVE_LIBPCAP 1
#define HAVE_LIBRT 1
#define HAVE_LIBNET 1
#define HAVE_LIBM 1
#define HAVE_STDLIB_H 1
#define HAVE_STDDEF_H 1
#define HAVE_STDIO_H 1
#define HAVE_STRING_H 1
#define HAVE_UNISTD_H 1
#define HAVE_MATH_H 1
#define HAVE_TIME_H 1
#define HAVE_PTHREAD_H 1
#define HAVE_LIMITS_H 1
#define HAVE_FCNTL_H 1
#define HAVE_ASSERT_H 1
#define HAVE_INTTYPES_H 1
#define HAVE_ARPA_INET_H 1
#define HAVE_SYS_RESOURCE_H 1
#define HAVE_LIBNET_H 1
#define HAVE_STRCHR 1
#define HAVE_STRDUP 1
#define HAVE_STRERROR 1
#define HAVE_SNPRINTF 1
#define HAVE_CLOCK_GETTIME 1
#define HAVE_GMTIME_R 1
#define HAVE_INET_PTON 1
#define HAVE_INET_NTOP 1
#define HAVE_MEMSET 1
#define HAVE_MALLOC 1

configure: exit 0

## ---------------------- ##
## Running config.status. ##
## ---------------------- ##

This file was extended by remaproute config.status 0.1, which was
generated by GNU Autoconf 2.71.  Invocation command line was

  CONFIG_FILES    = 
  CONFIG_HEADERS  = 
  CONFIG_LINKS    = 
  CONFIG_COMMANDS = 
  $ ./config.status 

on rubick

config.status:904: creating Makefile
config.status:904: creating src/Makefile
config.status:904: creating config.h
config.status:1085: config.h is unchanged
config.status:1133: executing depfiles commands
config.status:1210: cd src       && sed -e '/# am--include-marker/d' Makefile         | make -f - am--depfiles
make[3]: Entering directory '/home/giancarlo/remaprt/src'
make[3]: Leaving directory '/home/giancarlo/remaprt/src'
config.status:1215: $? = 0
